16.09.2022 Amplify datastore/build/app/intermediates/manifest_merge_blame_file/debug/manifest-merger-blame-debug-report.txt
1<?xml version="1.0" encoding="utf-8"?>
2<manifest xmlns:android="http://schemas.android.com/apk/res/android"
3    package="com.example.amplified_todo"
4    android:versionCode="1"
5    android:versionName="1.0.0" >
6
7    <uses-sdk
8        android:minSdkVersion="21"
9        android:targetSdkVersion="31" />
10    <!--
11         The INTERNET permission is required for development. Specifically,
12         the Flutter tool needs it to communicate with the running application
13         to allow setting breakpoints, to provide hot reload, etc.
14    -->
15    <uses-permission android:name="android.permission.INTERNET" />
15-->src/debug/AndroidManifest.xml:7:5-66
15-->src/debug/AndroidManifest.xml:7:22-64
16    <uses-permission android:name="android.permission.ACCESS_NETWORK_STATE" /> <!-- Permission will be merged into the manifest of the hosting app. -->
16-->[com.amazonaws:aws-android-sdk-mobile-client:2.51.0] AndroidManifest.xml:18:5-79
16-->[com.amazonaws:aws-android-sdk-mobile-client:2.51.0] AndroidManifest.xml:18:22-76
17    <!-- Is required to launch foreground extraction service for targetSdkVersion 28+. -->
18    <uses-permission android:name="android.permission.FOREGROUND_SERVICE" />
18-->[com.google.android.play:core:1.9.1] AndroidManifest.xml:8:3-74
18-->[com.google.android.play:core:1.9.1] AndroidManifest.xml:8:20-72
19
20    <application
21        android:name="android.app.Application"
22        android:appComponentFactory="androidx.core.app.CoreComponentFactory"
22-->[androidx.core:core:1.6.0] AndroidManifest.xml:24:18-86
23        android:debuggable="true"
24        android:icon="@mipmap/ic_launcher"
25        android:label="amplified_todo" >
26        <activity
27            android:name="com.example.amplified_todo.MainActivity"
28            android:configChanges="orientation|keyboardHidden|keyboard|screenSize|smallestScreenSize|locale|layoutDirection|fontScale|screenLayout|density|uiMode"
29            android:exported="true"
30            android:hardwareAccelerated="true"
31            android:launchMode="singleTop"
32            android:theme="@style/LaunchTheme"
33            android:windowSoftInputMode="adjustResize" >
34
35            <!--
36                 Specifies an Android theme to apply to this Activity as soon as
37                 the Android process has started. This theme is visible to the user
38                 while the Flutter UI initializes. After that, this theme continues
39                 to determine the Window background behind the Flutter UI.
40            -->
41            <meta-data
42                android:name="io.flutter.embedding.android.NormalTheme"
43                android:resource="@style/NormalTheme" />
44
45            <intent-filter>
46                <action android:name="android.intent.action.MAIN" />
47
48                <category android:name="android.intent.category.LAUNCHER" />
49            </intent-filter>
50        </activity>
51        <!--
52             Don't delete the meta-data below.
53             This is used by the Flutter tool to generate GeneratedPluginRegistrant.java
54        -->
55        <meta-data
56            android:name="flutterEmbedding"
57            android:value="2" />
58
59        <uses-library
59-->[androidx.window:window:1.0.0-beta04] AndroidManifest.xml:25:9-27:40
60            android:name="androidx.window.extensions"
60-->[androidx.window:window:1.0.0-beta04] AndroidManifest.xml:26:13-54
61            android:required="false" />
61-->[androidx.window:window:1.0.0-beta04] AndroidManifest.xml:27:13-37
62        <uses-library
62-->[androidx.window:window:1.0.0-beta04] AndroidManifest.xml:28:9-30:40
63            android:name="androidx.window.sidecar"
63-->[androidx.window:window:1.0.0-beta04] AndroidManifest.xml:29:13-51
64            android:required="false" />
64-->[androidx.window:window:1.0.0-beta04] AndroidManifest.xml:30:13-37
65
66        <activity
66-->[com.amplifyframework:core:1.37.2] AndroidManifest.xml:27:9-29:54
67            android:name="com.amplifyframework.devmenu.DeveloperMenuActivity"
67-->[com.amplifyframework:core:1.37.2] AndroidManifest.xml:28:13-78
68            android:theme="@style/OverlayActivity" />
68-->[com.amplifyframework:core:1.37.2] AndroidManifest.xml:29:13-51
69        <activity
69-->[com.amazonaws:aws-android-sdk-cognitoauth:2.51.0] AndroidManifest.xml:12:9-16:75
70            android:name="com.amazonaws.mobileconnectors.cognitoauth.activities.CustomTabsManagerActivity"
70-->[com.amazonaws:aws-android-sdk-cognitoauth:2.51.0] AndroidManifest.xml:13:13-107
71            android:exported="false"
71-->[com.amazonaws:aws-android-sdk-cognitoauth:2.51.0] AndroidManifest.xml:14:13-37
72            android:launchMode="singleTask"
72-->[com.amazonaws:aws-android-sdk-cognitoauth:2.51.0] AndroidManifest.xml:15:13-44
73            android:theme="@android:style/Theme.Translucent.NoTitleBar" />
73-->[com.amazonaws:aws-android-sdk-cognitoauth:2.51.0] AndroidManifest.xml:16:13-72
74
75        <uses-library
75-->[com.amazonaws:aws-android-sdk-core:2.51.0] AndroidManifest.xml:11:9-13:40
76            android:name="org.apache.http.legacy"
76-->[com.amazonaws:aws-android-sdk-core:2.51.0] AndroidManifest.xml:12:13-50
77            android:required="false" /> <!-- The activities will be merged into the manifest of the hosting app. -->
77-->[com.amazonaws:aws-android-sdk-core:2.51.0] AndroidManifest.xml:13:13-37
78        <activity
78-->[com.google.android.play:core:1.9.1] AndroidManifest.xml:12:5-271
79            android:name="com.google.android.play.core.missingsplits.PlayCoreMissingSplitsActivity"
79-->[com.google.android.play:core:1.9.1] AndroidManifest.xml:12:15-102
80            android:enabled="false"
80-->[com.google.android.play:core:1.9.1] AndroidManifest.xml:12:103-126
81            android:exported="false"
81-->[com.google.android.play:core:1.9.1] AndroidManifest.xml:12:127-151
82            android:launchMode="singleInstance"
82-->[com.google.android.play:core:1.9.1] AndroidManifest.xml:12:204-239
83            android:process=":playcore_missing_splits_activity"
83-->[com.google.android.play:core:1.9.1] AndroidManifest.xml:12:152-203
84            android:stateNotNeeded="true" />
84-->[com.google.android.play:core:1.9.1] AndroidManifest.xml:12:240-269
85        <activity
85-->[com.google.android.play:core:1.9.1] AndroidManifest.xml:13:5-226
86            android:name="com.google.android.play.core.common.PlayCoreDialogWrapperActivity"
86-->[com.google.android.play:core:1.9.1] AndroidManifest.xml:13:15-95
87            android:enabled="false"
87-->[com.google.android.play:core:1.9.1] AndroidManifest.xml:13:96-119
88            android:exported="false"
88-->[com.google.android.play:core:1.9.1] AndroidManifest.xml:13:120-144
89            android:stateNotNeeded="true"
89-->[com.google.android.play:core:1.9.1] AndroidManifest.xml:13:145-174
90            android:theme="@style/Theme.PlayCore.Transparent" /> <!-- The services will be merged into the manifest of the hosting app. -->
90-->[com.google.android.play:core:1.9.1] AndroidManifest.xml:13:175-224
91        <service
91-->[com.google.android.play:core:1.9.1] AndroidManifest.xml:16:5-18:15
92            android:name="com.google.android.play.core.assetpacks.AssetPackExtractionService"
92-->[com.google.android.play:core:1.9.1] AndroidManifest.xml:16:14-95
93            android:enabled="false"
93-->[com.google.android.play:core:1.9.1] AndroidManifest.xml:16:96-119
94            android:exported="true" >
94-->[com.google.android.play:core:1.9.1] AndroidManifest.xml:16:120-143
95            <meta-data
95-->[com.google.android.play:core:1.9.1] AndroidManifest.xml:17:7-108
96                android:name="com.google.android.play.core.assetpacks.versionCode"
96-->[com.google.android.play:core:1.9.1] AndroidManifest.xml:17:18-84
97                android:value="10901" />
97-->[com.google.android.play:core:1.9.1] AndroidManifest.xml:17:85-106
98        </service>
99        <service
99-->[com.google.android.play:core:1.9.1] AndroidManifest.xml:19:5-147
100            android:name="com.google.android.play.core.assetpacks.ExtractionForegroundService"
100-->[com.google.android.play:core:1.9.1] AndroidManifest.xml:19:14-96
101            android:enabled="false"
101-->[com.google.android.play:core:1.9.1] AndroidManifest.xml:19:97-120
102            android:exported="false" />
102-->[com.google.android.play:core:1.9.1] AndroidManifest.xml:19:121-145
103    </application>
104
105</manifest>